Opening files...
Parsing specification from standard input...
Error at 138(46): java_cup.runtime.Symbol "exp" has not been declared
===== Terminals =====
SHORT TIMES GT ARROW DIVASSIGN 
CONST GE PERIOD REGISTER ENUM 
RBRACK SIZEOF COMMA RBRACE RPAREN 
LBRACK LT INCREMENT SUBASSIGN DOUBLE 
LBRACE STRUCT BWISEANDASSIGN LPAREN MODASSIGN 
NOT TILDE LE VAR FLOAT 
BITWISEAND GOTO EQ LSHIFTASSIGN MODULUS 
LONG PLUS DIVIDE WHILE UNION 
ASSIGN CHAR ADDASSIGN DO FOR 
VOID EXTERN RETURN ELSE BREAK 
FUN INT STRING_LITERAL EOF SEMICOLON 
ELIPSES MULASSIGN DECREMENT MINUS OR 
error DECIMAL_LITERAL CONTINUE IF BWISEOR 
ID COLON BWISEXOR BWISEORASSIGN RSHIFTASSIGN 
VOLATILE CHAR_LITERAL RSHIFT BWISEXORASSIGN NEQ 
AND STATIC LSHIFT TYPEDEF AUTO 


===== Non terminals =====
declaration enumerator_list statement Var type 
parameters compound_statement $START initialization type_parameters 
statement_list declaration_list bitfield_value Exp parameter_list 
struct_declaration_list struct_or_union constant_expression enumerator initializer 
argument_list bitfield_list name 

===== Productions =====
initializer ::= LBRACE RBRACE 
initializer ::= 
initialization ::= ASSIGN initializer 
initialization ::= 
bitfield_list ::= bitfield_value bitfield_list 
bitfield_list ::= 
Var ::= ID 
Exp ::= Var 
Exp ::= error 
$START ::= Exp EOF 

===== Viable Prefix Recognizer =====
Closing files...
------- CUP v0.10g Parser Generation Summary -------
  1 error and 0 warnings
  80 terminals, 23 non terminals, and 10 productions declared, 
  producing 0 unique parse states.
  0 terminals declared but not used.
  0 non terminals declared but not used.
  0 productions never reduced.
  0 conflicts detected (3 expected).
  No code produced.
---------------------------------------------------- (v0.10g)
